<?xml version="1.0" encoding="UTF-8"?>
<testsuite name="PagerDutyEventsV2ClientTest" tests="3" skipped="0" failures="0" errors="0" timestamp="2020-04-25T07:16:07" hostname="DESKTOP-COI2KMT" time="0.125">
  <properties/>
  <testcase name="postAcknowledge()" classname="PagerDutyEventsV2ClientTest" time="0.112"/>
  <testcase name="postTrigger()" classname="PagerDutyEventsV2ClientTest" time="0.007"/>
  <testcase name="postResolve()" classname="PagerDutyEventsV2ClientTest" time="0.003"/>
  <system-out><![CDATA[]]></system-out>
  <system-err><![CDATA[]]></system-err>
</testsuite>
