<?xml version="1.0" encoding="UTF-8"?>
<testsuite name="PayloadTest" tests="3" skipped="0" failures="0" errors="0" timestamp="2020-03-14T17:27:23" hostname="DESKTOP-COI2KMT" time="0.021">
  <properties/>
  <testcase name="sourceRequired()" classname="PayloadTest" time="0.017"/>
  <testcase name="summaryRequired()" classname="PayloadTest" time="0.001"/>
  <testcase name="severityRequired()" classname="PayloadTest" time="0.001"/>
  <system-out><![CDATA[]]></system-out>
  <system-err><![CDATA[]]></system-err>
</testsuite>
